[2022-03-15 21:03:52] laravel.EMERGENCY: Unable to create configured logger. Using emergency logger. {"exception":"[object] (InvalidArgumentException(code: 0): Log [] is not defined. at /Users/mc/Documents/docker_projects/kanvas/kanvas-core/vendor/laravel/framework/src/Illuminate/Log/LogManager.php:200)
[stacktrace]
#0 /Users/mc/Documents/docker_projects/kanvas/kanvas-core/vendor/laravel/framework/src/Illuminate/Log/LogManager.php(125): Illuminate\\Log\\LogManager->resolve(NULL, NULL)
#1 /Users/mc/Documents/docker_projects/kanvas/kanvas-core/vendor/laravel/framework/src/Illuminate/Log/LogManager.php(112): Illuminate\\Log\\LogManager->get(NULL)
#2 /Users/mc/Documents/docker_projects/kanvas/kanvas-core/vendor/laravel/framework/src/Illuminate/Log/LogManager.php(590): Illuminate\\Log\\LogManager->driver()
#3 /Users/mc/Documents/docker_projects/kanvas/kanvas-core/vendor/laravel/framework/src/Illuminate/Foundation/Exceptions/Handler.php(249): Illuminate\\Log\\LogManager->error('The /Users/mc/D...', Array)
#4 /Users/mc/Documents/docker_projects/kanvas/kanvas-core/vendor/laravel/framework/src/Illuminate/Foundation/Console/Kernel.php(367): Illuminate\\Foundation\\Exceptions\\Handler->report(Object(Exception))
#5 /Users/mc/Documents/docker_projects/kanvas/kanvas-core/vendor/laravel/framework/src/Illuminate/Foundation/Console/Kernel.php(131): Illuminate\\Foundation\\Console\\Kernel->reportException(Object(Exception))
#6 /Users/mc/Documents/docker_projects/kanvas/kanvas-core/artisan(37): Illuminate\\Foundation\\Console\\Kernel->handle(Object(Symfony\\Component\\Console\\Input\\ArgvInput), Object(Symfony\\Component\\Console\\Output\\ConsoleOutput))
#7 {main}
"} 
[2022-03-15 21:03:52] laravel.ERROR: The /Users/mc/Documents/docker_projects/kanvas/kanvas-core/src/bootstrap/cache directory must be present and writable. {"exception":"[object] (Exception(code: 0): The /Users/mc/Documents/docker_projects/kanvas/kanvas-core/src/bootstrap/cache directory must be present and writable. at /Users/mc/Documents/docker_projects/kanvas/kanvas-core/vendor/laravel/framework/src/Illuminate/Foundation/PackageManifest.php:178)
[stacktrace]
#0 /Users/mc/Documents/docker_projects/kanvas/kanvas-core/vendor/laravel/framework/src/Illuminate/Foundation/PackageManifest.php(137): Illuminate\\Foundation\\PackageManifest->write(Array)
#1 /Users/mc/Documents/docker_projects/kanvas/kanvas-core/vendor/laravel/framework/src/Illuminate/Foundation/PackageManifest.php(107): Illuminate\\Foundation\\PackageManifest->build()
#2 /Users/mc/Documents/docker_projects/kanvas/kanvas-core/vendor/laravel/framework/src/Illuminate/Foundation/PackageManifest.php(90): Illuminate\\Foundation\\PackageManifest->getManifest()
#3 /Users/mc/Documents/docker_projects/kanvas/kanvas-core/vendor/laravel/framework/src/Illuminate/Foundation/PackageManifest.php(79): Illuminate\\Foundation\\PackageManifest->config('aliases')
#4 /Users/mc/Documents/docker_projects/kanvas/kanvas-core/vendor/laravel/framework/src/Illuminate/Foundation/Bootstrap/RegisterFacades.php(26): Illuminate\\Foundation\\PackageManifest->aliases()
#5 /Users/mc/Documents/docker_projects/kanvas/kanvas-core/vendor/laravel/framework/src/Illuminate/Foundation/Application.php(239): Illuminate\\Foundation\\Bootstrap\\RegisterFacades->bootstrap(Object(Illuminate\\Foundation\\Application))
#6 /Users/mc/Documents/docker_projects/kanvas/kanvas-core/vendor/laravel/framework/src/Illuminate/Foundation/Console/Kernel.php(310): Illuminate\\Foundation\\Application->bootstrapWith(Array)
#7 /Users/mc/Documents/docker_projects/kanvas/kanvas-core/vendor/laravel/framework/src/Illuminate/Foundation/Console/Kernel.php(127): Illuminate\\Foundation\\Console\\Kernel->bootstrap()
#8 /Users/mc/Documents/docker_projects/kanvas/kanvas-core/artisan(37): Illuminate\\Foundation\\Console\\Kernel->handle(Object(Symfony\\Component\\Console\\Input\\ArgvInput), Object(Symfony\\Component\\Console\\Output\\ConsoleOutput))
#9 {main}
"} 
[2022-03-15 21:04:12] laravel.EMERGENCY: Unable to create configured logger. Using emergency logger. {"exception":"[object] (InvalidArgumentException(code: 0): Log [] is not defined. at /Users/mc/Documents/docker_projects/kanvas/kanvas-core/vendor/laravel/framework/src/Illuminate/Log/LogManager.php:200)
[stacktrace]
#0 /Users/mc/Documents/docker_projects/kanvas/kanvas-core/vendor/laravel/framework/src/Illuminate/Log/LogManager.php(125): Illuminate\\Log\\LogManager->resolve(NULL, NULL)
#1 /Users/mc/Documents/docker_projects/kanvas/kanvas-core/vendor/laravel/framework/src/Illuminate/Log/LogManager.php(112): Illuminate\\Log\\LogManager->get(NULL)
#2 /Users/mc/Documents/docker_projects/kanvas/kanvas-core/vendor/laravel/framework/src/Illuminate/Log/LogManager.php(590): Illuminate\\Log\\LogManager->driver()
#3 /Users/mc/Documents/docker_projects/kanvas/kanvas-core/vendor/laravel/framework/src/Illuminate/Foundation/Exceptions/Handler.php(249): Illuminate\\Log\\LogManager->error('The /Users/mc/D...', Array)
#4 /Users/mc/Documents/docker_projects/kanvas/kanvas-core/vendor/laravel/framework/src/Illuminate/Foundation/Console/Kernel.php(367): Illuminate\\Foundation\\Exceptions\\Handler->report(Object(Exception))
#5 /Users/mc/Documents/docker_projects/kanvas/kanvas-core/vendor/laravel/framework/src/Illuminate/Foundation/Console/Kernel.php(131): Illuminate\\Foundation\\Console\\Kernel->reportException(Object(Exception))
#6 /Users/mc/Documents/docker_projects/kanvas/kanvas-core/artisan(37): Illuminate\\Foundation\\Console\\Kernel->handle(Object(Symfony\\Component\\Console\\Input\\ArgvInput), Object(Symfony\\Component\\Console\\Output\\ConsoleOutput))
#7 {main}
"} 
[2022-03-15 21:04:12] laravel.ERROR: The /Users/mc/Documents/docker_projects/kanvas/kanvas-core/src/bootstrap/cache directory must be present and writable. {"exception":"[object] (Exception(code: 0): The /Users/mc/Documents/docker_projects/kanvas/kanvas-core/src/bootstrap/cache directory must be present and writable. at /Users/mc/Documents/docker_projects/kanvas/kanvas-core/vendor/laravel/framework/src/Illuminate/Foundation/PackageManifest.php:178)
[stacktrace]
#0 /Users/mc/Documents/docker_projects/kanvas/kanvas-core/vendor/laravel/framework/src/Illuminate/Foundation/PackageManifest.php(137): Illuminate\\Foundation\\PackageManifest->write(Array)
#1 /Users/mc/Documents/docker_projects/kanvas/kanvas-core/vendor/laravel/framework/src/Illuminate/Foundation/PackageManifest.php(107): Illuminate\\Foundation\\PackageManifest->build()
#2 /Users/mc/Documents/docker_projects/kanvas/kanvas-core/vendor/laravel/framework/src/Illuminate/Foundation/PackageManifest.php(90): Illuminate\\Foundation\\PackageManifest->getManifest()
#3 /Users/mc/Documents/docker_projects/kanvas/kanvas-core/vendor/laravel/framework/src/Illuminate/Foundation/PackageManifest.php(79): Illuminate\\Foundation\\PackageManifest->config('aliases')
#4 /Users/mc/Documents/docker_projects/kanvas/kanvas-core/vendor/laravel/framework/src/Illuminate/Foundation/Bootstrap/RegisterFacades.php(26): Illuminate\\Foundation\\PackageManifest->aliases()
#5 /Users/mc/Documents/docker_projects/kanvas/kanvas-core/vendor/laravel/framework/src/Illuminate/Foundation/Application.php(239): Illuminate\\Foundation\\Bootstrap\\RegisterFacades->bootstrap(Object(Illuminate\\Foundation\\Application))
#6 /Users/mc/Documents/docker_projects/kanvas/kanvas-core/vendor/laravel/framework/src/Illuminate/Foundation/Console/Kernel.php(310): Illuminate\\Foundation\\Application->bootstrapWith(Array)
#7 /Users/mc/Documents/docker_projects/kanvas/kanvas-core/vendor/laravel/framework/src/Illuminate/Foundation/Console/Kernel.php(127): Illuminate\\Foundation\\Console\\Kernel->bootstrap()
#8 /Users/mc/Documents/docker_projects/kanvas/kanvas-core/artisan(37): Illuminate\\Foundation\\Console\\Kernel->handle(Object(Symfony\\Component\\Console\\Input\\ArgvInput), Object(Symfony\\Component\\Console\\Output\\ConsoleOutput))
#9 {main}
"} 
[2022-03-15 21:05:46] laravel.EMERGENCY: Unable to create configured logger. Using emergency logger. {"exception":"[object] (InvalidArgumentException(code: 0): Log [] is not defined. at /Users/mc/Documents/docker_projects/kanvas/kanvas-core/vendor/laravel/framework/src/Illuminate/Log/LogManager.php:200)
[stacktrace]
#0 /Users/mc/Documents/docker_projects/kanvas/kanvas-core/vendor/laravel/framework/src/Illuminate/Log/LogManager.php(125): Illuminate\\Log\\LogManager->resolve(NULL, NULL)
#1 /Users/mc/Documents/docker_projects/kanvas/kanvas-core/vendor/laravel/framework/src/Illuminate/Log/LogManager.php(112): Illuminate\\Log\\LogManager->get(NULL)
#2 /Users/mc/Documents/docker_projects/kanvas/kanvas-core/vendor/laravel/framework/src/Illuminate/Log/LogManager.php(590): Illuminate\\Log\\LogManager->driver()
#3 /Users/mc/Documents/docker_projects/kanvas/kanvas-core/vendor/laravel/framework/src/Illuminate/Foundation/Exceptions/Handler.php(249): Illuminate\\Log\\LogManager->error('Class \"App\\\\Prov...', Array)
#4 /Users/mc/Documents/docker_projects/kanvas/kanvas-core/vendor/laravel/framework/src/Illuminate/Foundation/Console/Kernel.php(367): Illuminate\\Foundation\\Exceptions\\Handler->report(Object(Error))
#5 /Users/mc/Documents/docker_projects/kanvas/kanvas-core/vendor/laravel/framework/src/Illuminate/Foundation/Console/Kernel.php(131): Illuminate\\Foundation\\Console\\Kernel->reportException(Object(Error))
#6 /Users/mc/Documents/docker_projects/kanvas/kanvas-core/artisan(37): Illuminate\\Foundation\\Console\\Kernel->handle(Object(Symfony\\Component\\Console\\Input\\ArgvInput), Object(Symfony\\Component\\Console\\Output\\ConsoleOutput))
#7 {main}
"} 
[2022-03-15 21:05:46] laravel.ERROR: Class "App\Providers\AppServiceProvider" not found {"exception":"[object] (Error(code: 0): Class \"App\\Providers\\AppServiceProvider\" not found at /Users/mc/Documents/docker_projects/kanvas/kanvas-core/vendor/laravel/framework/src/Illuminate/Foundation/ProviderRepository.php:208)
[stacktrace]
#0 /Users/mc/Documents/docker_projects/kanvas/kanvas-core/vendor/laravel/framework/src/Illuminate/Foundation/ProviderRepository.php(144): Illuminate\\Foundation\\ProviderRepository->createProvider('App\\\\Providers\\\\A...')
#1 /Users/mc/Documents/docker_projects/kanvas/kanvas-core/vendor/laravel/framework/src/Illuminate/Foundation/ProviderRepository.php(61): Illuminate\\Foundation\\ProviderRepository->compileManifest(Array)
#2 /Users/mc/Documents/docker_projects/kanvas/kanvas-core/vendor/laravel/framework/src/Illuminate/Foundation/Application.php(663): Illuminate\\Foundation\\ProviderRepository->load(Array)
#3 /Users/mc/Documents/docker_projects/kanvas/kanvas-core/vendor/laravel/framework/src/Illuminate/Foundation/Bootstrap/RegisterProviders.php(17): Illuminate\\Foundation\\Application->registerConfiguredProviders()
#4 /Users/mc/Documents/docker_projects/kanvas/kanvas-core/vendor/laravel/framework/src/Illuminate/Foundation/Application.php(239): Illuminate\\Foundation\\Bootstrap\\RegisterProviders->bootstrap(Object(Illuminate\\Foundation\\Application))
#5 /Users/mc/Documents/docker_projects/kanvas/kanvas-core/vendor/laravel/framework/src/Illuminate/Foundation/Console/Kernel.php(310): Illuminate\\Foundation\\Application->bootstrapWith(Array)
#6 /Users/mc/Documents/docker_projects/kanvas/kanvas-core/vendor/laravel/framework/src/Illuminate/Foundation/Console/Kernel.php(127): Illuminate\\Foundation\\Console\\Kernel->bootstrap()
#7 /Users/mc/Documents/docker_projects/kanvas/kanvas-core/artisan(37): Illuminate\\Foundation\\Console\\Kernel->handle(Object(Symfony\\Component\\Console\\Input\\ArgvInput), Object(Symfony\\Component\\Console\\Output\\ConsoleOutput))
#8 {main}
"} 
[2022-03-15 21:09:13] laravel.EMERGENCY: Unable to create configured logger. Using emergency logger. {"exception":"[object] (InvalidArgumentException(code: 0): Log [] is not defined. at /Users/mc/Documents/docker_projects/kanvas/kanvas-core/vendor/laravel/framework/src/Illuminate/Log/LogManager.php:200)
[stacktrace]
#0 /Users/mc/Documents/docker_projects/kanvas/kanvas-core/vendor/laravel/framework/src/Illuminate/Log/LogManager.php(125): Illuminate\\Log\\LogManager->resolve(NULL, NULL)
#1 /Users/mc/Documents/docker_projects/kanvas/kanvas-core/vendor/laravel/framework/src/Illuminate/Log/LogManager.php(112): Illuminate\\Log\\LogManager->get(NULL)
#2 /Users/mc/Documents/docker_projects/kanvas/kanvas-core/vendor/laravel/framework/src/Illuminate/Log/LogManager.php(590): Illuminate\\Log\\LogManager->driver()
#3 /Users/mc/Documents/docker_projects/kanvas/kanvas-core/vendor/laravel/framework/src/Illuminate/Foundation/Exceptions/Handler.php(249): Illuminate\\Log\\LogManager->error('require(/Users/...', Array)
#4 /Users/mc/Documents/docker_projects/kanvas/kanvas-core/vendor/laravel/framework/src/Illuminate/Foundation/Console/Kernel.php(367): Illuminate\\Foundation\\Exceptions\\Handler->report(Object(ErrorException))
#5 /Users/mc/Documents/docker_projects/kanvas/kanvas-core/vendor/laravel/framework/src/Illuminate/Foundation/Console/Kernel.php(131): Illuminate\\Foundation\\Console\\Kernel->reportException(Object(ErrorException))
#6 /Users/mc/Documents/docker_projects/kanvas/kanvas-core/artisan(37): Illuminate\\Foundation\\Console\\Kernel->handle(Object(Symfony\\Component\\Console\\Input\\ArgvInput), Object(Symfony\\Component\\Console\\Output\\ConsoleOutput))
#7 {main}
"} 
[2022-03-15 21:09:13] laravel.ERROR: require(/Users/mc/Documents/docker_projects/kanvas/kanvas-core/src/routes/api.php): Failed to open stream: No such file or directory {"exception":"[object] (ErrorException(code: 0): require(/Users/mc/Documents/docker_projects/kanvas/kanvas-core/src/routes/api.php): Failed to open stream: No such file or directory at /Users/mc/Documents/docker_projects/kanvas/kanvas-core/vendor/laravel/framework/src/Illuminate/Routing/RouteFileRegistrar.php:35)
[stacktrace]
#0 /Users/mc/Documents/docker_projects/kanvas/kanvas-core/vendor/laravel/framework/src/Illuminate/Foundation/Bootstrap/HandleExceptions.php(231): Illuminate\\Foundation\\Bootstrap\\HandleExceptions->handleError(2, 'require(/Users/...', '/Users/mc/Docum...', 35)
#1 /Users/mc/Documents/docker_projects/kanvas/kanvas-core/vendor/laravel/framework/src/Illuminate/Routing/RouteFileRegistrar.php(35): Illuminate\\Foundation\\Bootstrap\\HandleExceptions->Illuminate\\Foundation\\Bootstrap\\{closure}(2, 'require(/Users/...', '/Users/mc/Docum...', 35)
#2 /Users/mc/Documents/docker_projects/kanvas/kanvas-core/vendor/laravel/framework/src/Illuminate/Routing/RouteFileRegistrar.php(35): require('/Users/mc/Docum...')
#3 /Users/mc/Documents/docker_projects/kanvas/kanvas-core/vendor/laravel/framework/src/Illuminate/Routing/Router.php(429): Illuminate\\Routing\\RouteFileRegistrar->register('/Users/mc/Docum...')
#4 /Users/mc/Documents/docker_projects/kanvas/kanvas-core/vendor/laravel/framework/src/Illuminate/Routing/Router.php(385): Illuminate\\Routing\\Router->loadRoutes('/Users/mc/Docum...')
#5 /Users/mc/Documents/docker_projects/kanvas/kanvas-core/vendor/laravel/framework/src/Illuminate/Routing/RouteRegistrar.php(163): Illuminate\\Routing\\Router->group(Array, '/Users/mc/Docum...')
#6 /Users/mc/Documents/docker_projects/kanvas/kanvas-core/src/Providers/RouteServiceProvider.php(33): Illuminate\\Routing\\RouteRegistrar->group('/Users/mc/Docum...')
#7 /Users/mc/Documents/docker_projects/kanvas/kanvas-core/vendor/laravel/framework/src/Illuminate/Container/BoundMethod.php(36): Kanvas\\Providers\\RouteServiceProvider->Kanvas\\Providers\\{closure}()
#8 /Users/mc/Documents/docker_projects/kanvas/kanvas-core/vendor/laravel/framework/src/Illuminate/Container/Util.php(41): Illuminate\\Container\\BoundMethod::Illuminate\\Container\\{closure}()
#9 /Users/mc/Documents/docker_projects/kanvas/kanvas-core/vendor/laravel/framework/src/Illuminate/Container/BoundMethod.php(81): Illuminate\\Container\\Util::unwrapIfClosure(Object(Closure))
#10 /Users/mc/Documents/docker_projects/kanvas/kanvas-core/vendor/laravel/framework/src/Illuminate/Container/BoundMethod.php(37): Illuminate\\Container\\BoundMethod::callBoundMethod(Object(Illuminate\\Foundation\\Application), Object(Closure), Object(Closure))
#11 /Users/mc/Documents/docker_projects/kanvas/kanvas-core/vendor/laravel/framework/src/Illuminate/Container/Container.php(653): Illuminate\\Container\\BoundMethod::call(Object(Illuminate\\Foundation\\Application), Object(Closure), Array, NULL)
#12 /Users/mc/Documents/docker_projects/kanvas/kanvas-core/vendor/laravel/framework/src/Illuminate/Foundation/Support/Providers/RouteServiceProvider.php(120): Illuminate\\Container\\Container->call(Object(Closure))
#13 /Users/mc/Documents/docker_projects/kanvas/kanvas-core/vendor/laravel/framework/src/Illuminate/Foundation/Support/Providers/RouteServiceProvider.php(45): Illuminate\\Foundation\\Support\\Providers\\RouteServiceProvider->loadRoutes()
#14 /Users/mc/Documents/docker_projects/kanvas/kanvas-core/vendor/laravel/framework/src/Illuminate/Container/BoundMethod.php(36): Illuminate\\Foundation\\Support\\Providers\\RouteServiceProvider->Illuminate\\Foundation\\Support\\Providers\\{closure}()
#15 /Users/mc/Documents/docker_projects/kanvas/kanvas-core/vendor/laravel/framework/src/Illuminate/Container/Util.php(41): Illuminate\\Container\\BoundMethod::Illuminate\\Container\\{closure}()
#16 /Users/mc/Documents/docker_projects/kanvas/kanvas-core/vendor/laravel/framework/src/Illuminate/Container/BoundMethod.php(81): Illuminate\\Container\\Util::unwrapIfClosure(Object(Closure))
#17 /Users/mc/Documents/docker_projects/kanvas/kanvas-core/vendor/laravel/framework/src/Illuminate/Container/BoundMethod.php(37): Illuminate\\Container\\BoundMethod::callBoundMethod(Object(Illuminate\\Foundation\\Application), Object(Closure), Object(Closure))
#18 /Users/mc/Documents/docker_projects/kanvas/kanvas-core/vendor/laravel/framework/src/Illuminate/Container/Container.php(653): Illuminate\\Container\\BoundMethod::call(Object(Illuminate\\Foundation\\Application), Object(Closure), Array, NULL)
#19 /Users/mc/Documents/docker_projects/kanvas/kanvas-core/vendor/laravel/framework/src/Illuminate/Support/ServiceProvider.php(119): Illuminate\\Container\\Container->call(Object(Closure))
#20 /Users/mc/Documents/docker_projects/kanvas/kanvas-core/vendor/laravel/framework/src/Illuminate/Foundation/Application.php(931): Illuminate\\Support\\ServiceProvider->callBootedCallbacks()
#21 /Users/mc/Documents/docker_projects/kanvas/kanvas-core/vendor/laravel/framework/src/Illuminate/Foundation/Application.php(909): Illuminate\\Foundation\\Application->bootProvider(Object(Kanvas\\Providers\\RouteServiceProvider))
#22 [internal function]: Illuminate\\Foundation\\Application->Illuminate\\Foundation\\{closure}(Object(Kanvas\\Providers\\RouteServiceProvider), 17)
#23 /Users/mc/Documents/docker_projects/kanvas/kanvas-core/vendor/laravel/framework/src/Illuminate/Foundation/Application.php(910): array_walk(Array, Object(Closure))
#24 /Users/mc/Documents/docker_projects/kanvas/kanvas-core/vendor/laravel/framework/src/Illuminate/Foundation/Bootstrap/BootProviders.php(17): Illuminate\\Foundation\\Application->boot()
#25 /Users/mc/Documents/docker_projects/kanvas/kanvas-core/vendor/laravel/framework/src/Illuminate/Foundation/Application.php(239): Illuminate\\Foundation\\Bootstrap\\BootProviders->bootstrap(Object(Illuminate\\Foundation\\Application))
#26 /Users/mc/Documents/docker_projects/kanvas/kanvas-core/vendor/laravel/framework/src/Illuminate/Foundation/Console/Kernel.php(310): Illuminate\\Foundation\\Application->bootstrapWith(Array)
#27 /Users/mc/Documents/docker_projects/kanvas/kanvas-core/vendor/laravel/framework/src/Illuminate/Foundation/Console/Kernel.php(127): Illuminate\\Foundation\\Console\\Kernel->bootstrap()
#28 /Users/mc/Documents/docker_projects/kanvas/kanvas-core/artisan(37): Illuminate\\Foundation\\Console\\Kernel->handle(Object(Symfony\\Component\\Console\\Input\\ArgvInput), Object(Symfony\\Component\\Console\\Output\\ConsoleOutput))
#29 {main}
"} 
[2022-03-15 21:10:01] laravel.EMERGENCY: Unable to create configured logger. Using emergency logger. {"exception":"[object] (InvalidArgumentException(code: 0): Log [] is not defined. at /Users/mc/Documents/docker_projects/kanvas/kanvas-core/vendor/laravel/framework/src/Illuminate/Log/LogManager.php:200)
[stacktrace]
#0 /Users/mc/Documents/docker_projects/kanvas/kanvas-core/vendor/laravel/framework/src/Illuminate/Log/LogManager.php(125): Illuminate\\Log\\LogManager->resolve(NULL, NULL)
#1 /Users/mc/Documents/docker_projects/kanvas/kanvas-core/vendor/laravel/framework/src/Illuminate/Log/LogManager.php(112): Illuminate\\Log\\LogManager->get(NULL)
#2 /Users/mc/Documents/docker_projects/kanvas/kanvas-core/vendor/laravel/framework/src/Illuminate/Log/LogManager.php(590): Illuminate\\Log\\LogManager->driver()
#3 /Users/mc/Documents/docker_projects/kanvas/kanvas-core/vendor/laravel/framework/src/Illuminate/Foundation/Exceptions/Handler.php(249): Illuminate\\Log\\LogManager->error('require(/Users/...', Array)
#4 /Users/mc/Documents/docker_projects/kanvas/kanvas-core/vendor/laravel/framework/src/Illuminate/Foundation/Console/Kernel.php(367): Illuminate\\Foundation\\Exceptions\\Handler->report(Object(ErrorException))
#5 /Users/mc/Documents/docker_projects/kanvas/kanvas-core/vendor/laravel/framework/src/Illuminate/Foundation/Console/Kernel.php(131): Illuminate\\Foundation\\Console\\Kernel->reportException(Object(ErrorException))
#6 /Users/mc/Documents/docker_projects/kanvas/kanvas-core/artisan(37): Illuminate\\Foundation\\Console\\Kernel->handle(Object(Symfony\\Component\\Console\\Input\\ArgvInput), Object(Symfony\\Component\\Console\\Output\\ConsoleOutput))
#7 {main}
"} 
[2022-03-15 21:10:01] laravel.ERROR: require(/Users/mc/Documents/docker_projects/kanvas/kanvas-core/src/routes/api.php): Failed to open stream: No such file or directory {"exception":"[object] (ErrorException(code: 0): require(/Users/mc/Documents/docker_projects/kanvas/kanvas-core/src/routes/api.php): Failed to open stream: No such file or directory at /Users/mc/Documents/docker_projects/kanvas/kanvas-core/vendor/laravel/framework/src/Illuminate/Routing/RouteFileRegistrar.php:35)
[stacktrace]
#0 /Users/mc/Documents/docker_projects/kanvas/kanvas-core/vendor/laravel/framework/src/Illuminate/Foundation/Bootstrap/HandleExceptions.php(231): Illuminate\\Foundation\\Bootstrap\\HandleExceptions->handleError(2, 'require(/Users/...', '/Users/mc/Docum...', 35)
#1 /Users/mc/Documents/docker_projects/kanvas/kanvas-core/vendor/laravel/framework/src/Illuminate/Routing/RouteFileRegistrar.php(35): Illuminate\\Foundation\\Bootstrap\\HandleExceptions->Illuminate\\Foundation\\Bootstrap\\{closure}(2, 'require(/Users/...', '/Users/mc/Docum...', 35)
#2 /Users/mc/Documents/docker_projects/kanvas/kanvas-core/vendor/laravel/framework/src/Illuminate/Routing/RouteFileRegistrar.php(35): require('/Users/mc/Docum...')
#3 /Users/mc/Documents/docker_projects/kanvas/kanvas-core/vendor/laravel/framework/src/Illuminate/Routing/Router.php(429): Illuminate\\Routing\\RouteFileRegistrar->register('/Users/mc/Docum...')
#4 /Users/mc/Documents/docker_projects/kanvas/kanvas-core/vendor/laravel/framework/src/Illuminate/Routing/Router.php(385): Illuminate\\Routing\\Router->loadRoutes('/Users/mc/Docum...')
#5 /Users/mc/Documents/docker_projects/kanvas/kanvas-core/vendor/laravel/framework/src/Illuminate/Routing/RouteRegistrar.php(163): Illuminate\\Routing\\Router->group(Array, '/Users/mc/Docum...')
#6 /Users/mc/Documents/docker_projects/kanvas/kanvas-core/src/Providers/RouteServiceProvider.php(33): Illuminate\\Routing\\RouteRegistrar->group('/Users/mc/Docum...')
#7 /Users/mc/Documents/docker_projects/kanvas/kanvas-core/vendor/laravel/framework/src/Illuminate/Container/BoundMethod.php(36): Kanvas\\Providers\\RouteServiceProvider->Kanvas\\Providers\\{closure}()
#8 /Users/mc/Documents/docker_projects/kanvas/kanvas-core/vendor/laravel/framework/src/Illuminate/Container/Util.php(41): Illuminate\\Container\\BoundMethod::Illuminate\\Container\\{closure}()
#9 /Users/mc/Documents/docker_projects/kanvas/kanvas-core/vendor/laravel/framework/src/Illuminate/Container/BoundMethod.php(81): Illuminate\\Container\\Util::unwrapIfClosure(Object(Closure))
#10 /Users/mc/Documents/docker_projects/kanvas/kanvas-core/vendor/laravel/framework/src/Illuminate/Container/BoundMethod.php(37): Illuminate\\Container\\BoundMethod::callBoundMethod(Object(Illuminate\\Foundation\\Application), Object(Closure), Object(Closure))
#11 /Users/mc/Documents/docker_projects/kanvas/kanvas-core/vendor/laravel/framework/src/Illuminate/Container/Container.php(653): Illuminate\\Container\\BoundMethod::call(Object(Illuminate\\Foundation\\Application), Object(Closure), Array, NULL)
#12 /Users/mc/Documents/docker_projects/kanvas/kanvas-core/vendor/laravel/framework/src/Illuminate/Foundation/Support/Providers/RouteServiceProvider.php(120): Illuminate\\Container\\Container->call(Object(Closure))
#13 /Users/mc/Documents/docker_projects/kanvas/kanvas-core/vendor/laravel/framework/src/Illuminate/Foundation/Support/Providers/RouteServiceProvider.php(45): Illuminate\\Foundation\\Support\\Providers\\RouteServiceProvider->loadRoutes()
#14 /Users/mc/Documents/docker_projects/kanvas/kanvas-core/vendor/laravel/framework/src/Illuminate/Container/BoundMethod.php(36): Illuminate\\Foundation\\Support\\Providers\\RouteServiceProvider->Illuminate\\Foundation\\Support\\Providers\\{closure}()
#15 /Users/mc/Documents/docker_projects/kanvas/kanvas-core/vendor/laravel/framework/src/Illuminate/Container/Util.php(41): Illuminate\\Container\\BoundMethod::Illuminate\\Container\\{closure}()
#16 /Users/mc/Documents/docker_projects/kanvas/kanvas-core/vendor/laravel/framework/src/Illuminate/Container/BoundMethod.php(81): Illuminate\\Container\\Util::unwrapIfClosure(Object(Closure))
#17 /Users/mc/Documents/docker_projects/kanvas/kanvas-core/vendor/laravel/framework/src/Illuminate/Container/BoundMethod.php(37): Illuminate\\Container\\BoundMethod::callBoundMethod(Object(Illuminate\\Foundation\\Application), Object(Closure), Object(Closure))
#18 /Users/mc/Documents/docker_projects/kanvas/kanvas-core/vendor/laravel/framework/src/Illuminate/Container/Container.php(653): Illuminate\\Container\\BoundMethod::call(Object(Illuminate\\Foundation\\Application), Object(Closure), Array, NULL)
#19 /Users/mc/Documents/docker_projects/kanvas/kanvas-core/vendor/laravel/framework/src/Illuminate/Support/ServiceProvider.php(119): Illuminate\\Container\\Container->call(Object(Closure))
#20 /Users/mc/Documents/docker_projects/kanvas/kanvas-core/vendor/laravel/framework/src/Illuminate/Foundation/Application.php(931): Illuminate\\Support\\ServiceProvider->callBootedCallbacks()
#21 /Users/mc/Documents/docker_projects/kanvas/kanvas-core/vendor/laravel/framework/src/Illuminate/Foundation/Application.php(909): Illuminate\\Foundation\\Application->bootProvider(Object(Kanvas\\Providers\\RouteServiceProvider))
#22 [internal function]: Illuminate\\Foundation\\Application->Illuminate\\Foundation\\{closure}(Object(Kanvas\\Providers\\RouteServiceProvider), 17)
#23 /Users/mc/Documents/docker_projects/kanvas/kanvas-core/vendor/laravel/framework/src/Illuminate/Foundation/Application.php(910): array_walk(Array, Object(Closure))
#24 /Users/mc/Documents/docker_projects/kanvas/kanvas-core/vendor/laravel/framework/src/Illuminate/Foundation/Bootstrap/BootProviders.php(17): Illuminate\\Foundation\\Application->boot()
#25 /Users/mc/Documents/docker_projects/kanvas/kanvas-core/vendor/laravel/framework/src/Illuminate/Foundation/Application.php(239): Illuminate\\Foundation\\Bootstrap\\BootProviders->bootstrap(Object(Illuminate\\Foundation\\Application))
#26 /Users/mc/Documents/docker_projects/kanvas/kanvas-core/vendor/laravel/framework/src/Illuminate/Foundation/Console/Kernel.php(310): Illuminate\\Foundation\\Application->bootstrapWith(Array)
#27 /Users/mc/Documents/docker_projects/kanvas/kanvas-core/vendor/laravel/framework/src/Illuminate/Foundation/Console/Kernel.php(127): Illuminate\\Foundation\\Console\\Kernel->bootstrap()
#28 /Users/mc/Documents/docker_projects/kanvas/kanvas-core/artisan(37): Illuminate\\Foundation\\Console\\Kernel->handle(Object(Symfony\\Component\\Console\\Input\\ArgvInput), Object(Symfony\\Component\\Console\\Output\\ConsoleOutput))
#29 {main}
"} 
[2022-03-15 21:10:16] laravel.EMERGENCY: Unable to create configured logger. Using emergency logger. {"exception":"[object] (InvalidArgumentException(code: 0): Log [] is not defined. at /Users/mc/Documents/docker_projects/kanvas/kanvas-core/vendor/laravel/framework/src/Illuminate/Log/LogManager.php:200)
[stacktrace]
#0 /Users/mc/Documents/docker_projects/kanvas/kanvas-core/vendor/laravel/framework/src/Illuminate/Log/LogManager.php(125): Illuminate\\Log\\LogManager->resolve(NULL, NULL)
#1 /Users/mc/Documents/docker_projects/kanvas/kanvas-core/vendor/laravel/framework/src/Illuminate/Log/LogManager.php(112): Illuminate\\Log\\LogManager->get(NULL)
#2 /Users/mc/Documents/docker_projects/kanvas/kanvas-core/vendor/laravel/framework/src/Illuminate/Log/LogManager.php(590): Illuminate\\Log\\LogManager->driver()
#3 /Users/mc/Documents/docker_projects/kanvas/kanvas-core/vendor/laravel/framework/src/Illuminate/Foundation/Exceptions/Handler.php(249): Illuminate\\Log\\LogManager->error('file_get_conten...', Array)
#4 /Users/mc/Documents/docker_projects/kanvas/kanvas-core/vendor/laravel/framework/src/Illuminate/Foundation/Console/Kernel.php(367): Illuminate\\Foundation\\Exceptions\\Handler->report(Object(ErrorException))
#5 /Users/mc/Documents/docker_projects/kanvas/kanvas-core/vendor/laravel/framework/src/Illuminate/Foundation/Console/Kernel.php(131): Illuminate\\Foundation\\Console\\Kernel->reportException(Object(ErrorException))
#6 /Users/mc/Documents/docker_projects/kanvas/kanvas-core/artisan(37): Illuminate\\Foundation\\Console\\Kernel->handle(Object(Symfony\\Component\\Console\\Input\\ArgvInput), Object(Symfony\\Component\\Console\\Output\\ConsoleOutput))
#7 {main}
"} 
[2022-03-15 21:10:16] laravel.ERROR: file_get_contents(/Users/mc/Documents/docker_projects/kanvas/kanvas-core/src/composer.json): Failed to open stream: No such file or directory {"exception":"[object] (ErrorException(code: 0): file_get_contents(/Users/mc/Documents/docker_projects/kanvas/kanvas-core/src/composer.json): Failed to open stream: No such file or directory at /Users/mc/Documents/docker_projects/kanvas/kanvas-core/vendor/laravel/framework/src/Illuminate/Foundation/Application.php:1414)
[stacktrace]
#0 /Users/mc/Documents/docker_projects/kanvas/kanvas-core/vendor/laravel/framework/src/Illuminate/Foundation/Bootstrap/HandleExceptions.php(231): Illuminate\\Foundation\\Bootstrap\\HandleExceptions->handleError(2, 'file_get_conten...', '/Users/mc/Docum...', 1414)
#1 [internal function]: Illuminate\\Foundation\\Bootstrap\\HandleExceptions->Illuminate\\Foundation\\Bootstrap\\{closure}(2, 'file_get_conten...', '/Users/mc/Docum...', 1414)
#2 /Users/mc/Documents/docker_projects/kanvas/kanvas-core/vendor/laravel/framework/src/Illuminate/Foundation/Application.php(1414): file_get_contents('/Users/mc/Docum...')
#3 /Users/mc/Documents/docker_projects/kanvas/kanvas-core/vendor/laravel/framework/src/Illuminate/Foundation/Console/Kernel.php(220): Illuminate\\Foundation\\Application->getNamespace()
#4 /Users/mc/Documents/docker_projects/kanvas/kanvas-core/src/Cli/Kernel.php(28): Illuminate\\Foundation\\Console\\Kernel->load(Array)
#5 /Users/mc/Documents/docker_projects/kanvas/kanvas-core/vendor/laravel/framework/src/Illuminate/Foundation/Console/Kernel.php(316): Kanvas\\Cli\\Kernel->commands()
#6 /Users/mc/Documents/docker_projects/kanvas/kanvas-core/vendor/laravel/framework/src/Illuminate/Foundation/Console/Kernel.php(127): Illuminate\\Foundation\\Console\\Kernel->bootstrap()
#7 /Users/mc/Documents/docker_projects/kanvas/kanvas-core/artisan(37): Illuminate\\Foundation\\Console\\Kernel->handle(Object(Symfony\\Component\\Console\\Input\\ArgvInput), Object(Symfony\\Component\\Console\\Output\\ConsoleOutput))
#8 {main}
"} 
